<?xml version="1.0" encoding="UTF-8"?>
<!-- Generated by org.testng.reporters.JUnitReportReporter -->
<testsuite hostname="KIT1199" failures="0" tests="1" name="tests.LoginTest" time="8.817" errors="0" timestamp="2022-07-30T23:30:38 IST" skipped="0">
  <testcase classname="tests.LoginTest" name="login" time="8.817"/>
  <system-out/>
</testsuite> <!-- tests.LoginTest -->
